<?xml version="1.0" encoding="UTF-8"?>
<testsuite xmlns:xsi="http://www.w3.org/2001/XMLSchema-instance" xsi:noNamespaceSchemaLocation="https://maven.apache.org/surefire/maven-surefire-plugin/xsd/surefire-test-report.xsd" name="com.hexaware.trainer.EmployTest" time="0.273" tests="3" errors="0" skipped="0" failures="0">
  <properties>
    <property name="sun.desktop" value="windows"/>
    <property name="awt.toolkit" value="sun.awt.windows.WToolkit"/>
    <property name="file.encoding.pkg" value="sun.io"/>
    <property name="java.specification.version" value="1.8"/>
    <property name="sun.cpu.isalist" value="amd64"/>
    <property name="sun.jnu.encoding" value="Cp1252"/>
    <property name="java.class.path" value="E:\Java\JdbiDemjo\target\test-classes;E:\Java\JdbiDemjo\target\classes;C:\Users\Hvuser\.m2\repository\org\jmockit\jmockit\1.33\jmockit-1.33.jar;C:\Users\Hvuser\.m2\repository\org\jdbi\jdbi\2.73\jdbi-2.73.jar;C:\Users\Hvuser\.m2\repository\mysql\mysql-connector-java\8.0.18\mysql-connector-java-8.0.18.jar;C:\Users\Hvuser\.m2\repository\com\google\protobuf\protobuf-java\3.6.1\protobuf-java-3.6.1.jar;C:\Users\Hvuser\.m2\repository\junit\junit\4.11\junit-4.11.jar;C:\Users\Hvuser\.m2\repository\org\hamcrest\hamcrest-core\1.3\hamcrest-core-1.3.jar;"/>
    <property name="java.vm.vendor" value="Oracle Corporation"/>
    <property name="sun.arch.data.model" value="64"/>
    <property name="user.variant" value=""/>
    <property name="java.vendor.url" value="http://java.oracle.com/"/>
    <property name="user.timezone" value="America/Los_Angeles"/>
    <property name="java.vm.specification.version" value="1.8"/>
    <property name="os.name" value="Windows 10"/>
    <property name="user.country" value="US"/>
    <property name="sun.java.launcher" value="SUN_STANDARD"/>
    <property name="sun.boot.library.path" value="C:\Program Files\Java\jdk1.8.0_211\jre\bin"/>
    <property name="sun.java.command" value="C:\Users\Hvuser\AppData\Local\Temp\surefire7605408940388612057\surefirebooter4727551707339024165.jar C:\Users\Hvuser\AppData\Local\Temp\surefire7605408940388612057 2020-01-22T11-46-10_091-jvmRun1 surefire6837710674958135883tmp surefire_08590217190945052304tmp"/>
    <property name="surefire.test.class.path" value="E:\Java\JdbiDemjo\target\test-classes;E:\Java\JdbiDemjo\target\classes;C:\Users\Hvuser\.m2\repository\org\jmockit\jmockit\1.33\jmockit-1.33.jar;C:\Users\Hvuser\.m2\repository\org\jdbi\jdbi\2.73\jdbi-2.73.jar;C:\Users\Hvuser\.m2\repository\mysql\mysql-connector-java\8.0.18\mysql-connector-java-8.0.18.jar;C:\Users\Hvuser\.m2\repository\com\google\protobuf\protobuf-java\3.6.1\protobuf-java-3.6.1.jar;C:\Users\Hvuser\.m2\repository\junit\junit\4.11\junit-4.11.jar;C:\Users\Hvuser\.m2\repository\org\hamcrest\hamcrest-core\1.3\hamcrest-core-1.3.jar;"/>
    <property name="sun.cpu.endian" value="little"/>
    <property name="user.home" value="C:\Users\Hvuser"/>
    <property name="user.language" value="en"/>
    <property name="java.specification.vendor" value="Oracle Corporation"/>
    <property name="java.home" value="C:\Program Files\Java\jdk1.8.0_211\jre"/>
    <property name="basedir" value="E:\Java\JdbiDemjo"/>
    <property name="file.separator" value="\"/>
    <property name="line.separator" value="&#10;"/>
    <property name="java.vm.specification.vendor" value="Oracle Corporation"/>
    <property name="java.specification.name" value="Java Platform API Specification"/>
    <property name="java.awt.graphicsenv" value="sun.awt.Win32GraphicsEnvironment"/>
    <property name="surefire.real.class.path" value="C:\Users\Hvuser\AppData\Local\Temp\surefire7605408940388612057\surefirebooter4727551707339024165.jar"/>
    <property name="sun.boot.class.path" value="C:\Program Files\Java\jdk1.8.0_211\jre\lib\resources.jar;C:\Program Files\Java\jdk1.8.0_211\jre\lib\rt.jar;C:\Program Files\Java\jdk1.8.0_211\jre\lib\sunrsasign.jar;C:\Program Files\Java\jdk1.8.0_211\jre\lib\jsse.jar;C:\Program Files\Java\jdk1.8.0_211\jre\lib\jce.jar;C:\Program Files\Java\jdk1.8.0_211\jre\lib\charsets.jar;C:\Program Files\Java\jdk1.8.0_211\jre\lib\jfr.jar;C:\Program Files\Java\jdk1.8.0_211\jre\classes"/>
    <property name="user.script" value=""/>
    <property name="sun.management.compiler" value="HotSpot 64-Bit Tiered Compilers"/>
    <property name="java.runtime.version" value="1.8.0_211-b12"/>
    <property name="user.name" value="Hvuser"/>
    <property name="path.separator" value=";"/>
    <property name="os.version" value="10.0"/>
    <property name="java.endorsed.dirs" value="C:\Program Files\Java\jdk1.8.0_211\jre\lib\endorsed"/>
    <property name="java.runtime.name" value="Java(TM) SE Runtime Environment"/>
    <property name="file.encoding" value="Cp1252"/>
    <property name="java.vm.name" value="Java HotSpot(TM) 64-Bit Server VM"/>
    <property name="localRepository" value="C:\Users\Hvuser\.m2\repository"/>
    <property name="java.vendor.url.bug" value="http://bugreport.sun.com/bugreport/"/>
    <property name="java.io.tmpdir" value="C:\Users\Hvuser\AppData\Local\Temp\"/>
    <property name="java.version" value="1.8.0_211"/>
    <property name="user.dir" value="E:\Java\JdbiDemjo"/>
    <property name="os.arch" value="amd64"/>
    <property name="java.vm.specification.name" value="Java Virtual Machine Specification"/>
    <property name="java.awt.printerjob" value="sun.awt.windows.WPrinterJob"/>
    <property name="sun.os.patch.level" value=""/>
    <property name="java.library.path" value="C:\Program Files\Java\jdk1.8.0_211\jre\bin;C:\Windows\Sun\Java\bin;C:\Windows\system32;C:\Windows;C:\Program Files (x86)\Common Files\Oracle\Java\javapath;C:\Windows\system32;C:\Windows;C:\Windows\System32\Wbem;C:\Windows\System32\WindowsPowerShell\v1.0\;C:\Windows\System32\OpenSSH\;C:\Program Files\Git\cmd;C:\Program Files\nodejs\;C:\Program Files\Microsoft VS Code\bin;&quot;C:\Program Files\Java\jdk1.8.0_211\bin;&quot;;&quot;C:\Users\Hvuser\AppData\Roaming\npm;&quot;;&quot;C:\apache-maven-3.5.0\bin;&quot;;&quot;C:\Program Files\MySQL\MySQL Utilities 1.6\;&quot;;&quot;C:\Program Files\Java\jdk1.8.0_211;&quot;;&quot;C:\apache-maven-3.5.0-bin\apache-maven-3.5.0\bin;&quot;;&quot;C:\Program Files\nodejs\bin;&quot;;&quot;C:\Program Files\Git\bin;&quot;;&quot;C:\Program Files\Java\jdk1.8.0_211\bin;&quot;;C:\Users\Hvuser\AppData\Local\Microsoft\WindowsApps;C:\Users\Hvuser\AppData\Roaming\npm;C:\Program Files\Java\jdk1.8.0_211\bin;C:\apache-maven-3.5.0-bin\apache-maven-3.5.0\bin;;."/>
    <property name="java.vm.info" value="mixed mode"/>
    <property name="java.vendor" value="Oracle Corporation"/>
    <property name="java.vm.version" value="25.211-b12"/>
    <property name="java.ext.dirs" value="C:\Program Files\Java\jdk1.8.0_211\jre\lib\ext;C:\Windows\Sun\Java\lib\ext"/>
    <property name="sun.io.unicode.encoding" value="UnicodeLittle"/>
    <property name="java.class.version" value="52.0"/>
  </properties>
  <testcase name="testListCount" classname="com.hexaware.trainer.EmployTest" time="0.188"/>
  <testcase name="testListAllEmpty" classname="com.hexaware.trainer.EmployTest" time="0.021"/>
  <testcase name="testListById" classname="com.hexaware.trainer.EmployTest" time="0.056"/>
</testsuite>